0 info it worked if it ends with ok
1 verbose cli [ 'node', '/usr/local/bin/npm', 'install' ]
2 info using npm@2.12.1
3 info using node@v0.12.7
4 verbose node symlink /usr/local/bin/node
5 verbose readDependencies loading dependencies from /Users/ryanbird/workspace/javascript-challenges/package.json
6 verbose install where, deps [ '/Users/ryanbird/workspace/javascript-challenges',
6 verbose install   [ 'request', 'jasmine-galvanize-poster' ] ]
7 verbose install where, peers [ '/Users/ryanbird/workspace/javascript-challenges', [] ]
8 verbose installManyTop reading for lifecycle /Users/ryanbird/workspace/javascript-challenges/package.json
9 info preinstall javascript-warmups@1.0.0
10 verbose installManyTop reading scoped package data from /Users/ryanbird/workspace/javascript-challenges/node_modules/jasmine-galvanize-poster/package.json
11 info package.json jasmine-galvanize-poster@1.0.6 No repository field.
12 verbose readDependencies loading dependencies from /Users/ryanbird/workspace/javascript-challenges/package.json
13 verbose targetResolver reading package data from /Users/ryanbird/workspace/javascript-challenges/node_modules/jasmine-galvanize-poster/package.json
14 silly cache add args [ 'jasmine-galvanize-poster@github:gschool/jasmine-galvanize-poster',
14 silly cache add   null ]
15 verbose cache add spec jasmine-galvanize-poster@github:gschool/jasmine-galvanize-poster
16 silly cache add args [ 'request@*', null ]
17 verbose cache add spec request@*
18 silly cache add parsed spec { raw: 'request@*',
18 silly cache add   scope: null,
18 silly cache add   name: 'request',
18 silly cache add   rawSpec: '*',
18 silly cache add   spec: '*',
18 silly cache add   type: 'range' }
19 silly addNamed request@*
20 verbose addNamed "*" is a valid semver range for request
21 silly addNameRange { name: 'request', range: '*', hasData: false }
22 silly mapToRegistry name request
23 silly mapToRegistry using default registry
24 silly mapToRegistry registry https://registry.npmjs.org/
25 silly mapToRegistry uri https://registry.npmjs.org/request
26 verbose addNameRange registry:https://registry.npmjs.org/request not in flight; fetching
27 silly cache add parsed spec { raw: 'jasmine-galvanize-poster@github:gschool/jasmine-galvanize-poster',
27 silly cache add   scope: null,
27 silly cache add   name: 'jasmine-galvanize-poster',
27 silly cache add   rawSpec: 'github:gschool/jasmine-galvanize-poster',
27 silly cache add   spec: 'github:gschool/jasmine-galvanize-poster',
27 silly cache add   type: 'hosted',
27 silly cache add   hosted:
27 silly cache add    { type: 'github',
27 silly cache add      ssh: 'git@github.com:gschool/jasmine-galvanize-poster.git',
27 silly cache add      sshUrl: 'git+ssh://git@github.com/gschool/jasmine-galvanize-poster.git',
27 silly cache add      httpsUrl: 'git+https://github.com/gschool/jasmine-galvanize-poster.git',
27 silly cache add      gitUrl: 'git://github.com/gschool/jasmine-galvanize-poster.git',
27 silly cache add      shortcut: 'github:gschool/jasmine-galvanize-poster',
27 silly cache add      directUrl: 'https://raw.githubusercontent.com/gschool/jasmine-galvanize-poster/master/package.json' } }
28 verbose addRemoteGit caching github:gschool/jasmine-galvanize-poster
29 verbose addRemoteGit gschool/jasmine-galvanize-poster is a repository hosted by github
30 silly tryGitProto attempting to clone git://github.com/gschool/jasmine-galvanize-poster.git
31 silly tryClone cloning gschool/jasmine-galvanize-poster via git://github.com/gschool/jasmine-galvanize-poster.git
32 verbose tryClone git-github-com-gschool-jasmine-galvanize-poster-git-24ac4bbb not in flight; caching
33 verbose get https://registry.npmjs.org/request not expired, no request
34 silly addNameRange number 2 { name: 'request', range: '*', hasData: true }
35 silly addNameRange versions [ 'request',
35 silly addNameRange   [ '0.10.0',
35 silly addNameRange     '0.8.3',
35 silly addNameRange     '0.9.0',
35 silly addNameRange     '0.9.1',
35 silly addNameRange     '0.9.5',
35 silly addNameRange     '1.0.0',
35 silly addNameRange     '1.1.0',
35 silly addNameRange     '1.1.1',
35 silly addNameRange     '1.2.0',
35 silly addNameRange     '1.9.0',
35 silly addNameRange     '1.9.1',
35 silly addNameRange     '1.9.2',
35 silly addNameRange     '1.9.3',
35 silly addNameRange     '1.9.5',
35 silly addNameRange     '1.9.7',
35 silly addNameRange     '1.9.8',
35 silly addNameRange     '1.9.9',
35 silly addNameRange     '2.0.0',
35 silly addNameRange     '2.0.1',
35 silly addNameRange     '2.0.2',
35 silly addNameRange     '2.0.3',
35 silly addNameRange     '2.0.4',
35 silly addNameRange     '2.0.5',
35 silly addNameRange     '2.1.0',
35 silly addNameRange     '2.1.1',
35 silly addNameRange     '2.2.0',
35 silly addNameRange     '2.2.5',
35 silly addNameRange     '2.2.6',
35 silly addNameRange     '2.2.9',
35 silly addNameRange     '2.9.0',
35 silly addNameRange     '2.9.1',
35 silly addNameRange     '2.9.2',
35 silly addNameRange     '2.9.3',
35 silly addNameRange     '2.9.100',
35 silly addNameRange     '2.9.150',
35 silly addNameRange     '2.9.151',
35 silly addNameRange     '2.9.152',
35 silly addNameRange     '2.9.153',
35 silly addNameRange     '2.9.200',
35 silly addNameRange     '2.9.201',
35 silly addNameRange     '2.9.202',
35 silly addNameRange     '2.9.203',
35 silly addNameRange     '2.10.0',
35 silly addNameRange     '2.11.0',
35 silly addNameRange     '2.11.1',
35 silly addNameRange     '2.11.2',
35 silly addNameRange     '2.11.3',
35 silly addNameRange     '2.11.4',
35 silly addNameRange     '2.12.0',
35 silly addNameRange     '2.14.0',
35 silly addNameRange     '2.16.0',
35 silly addNameRange     '2.16.2',
35 silly addNameRange     '2.16.4',
35 silly addNameRange     '2.16.6',
35 silly addNameRange     '2.18.0',
35 silly addNameRange     '2.19.0',
35 silly addNameRange     '2.20.0',
35 silly addNameRange     '2.21.0',
35 silly addNameRange     '2.22.0',
35 silly addNameRange     '2.23.0',
35 silly addNameRange     '2.24.0',
35 silly addNameRange     '2.25.0',
35 silly addNameRange     '2.26.0',
35 silly addNameRange     '2.27.0',
35 silly addNameRange     '2.28.0',
35 silly addNameRange     '2.29.0',
35 silly addNameRange     '2.30.0',
35 silly addNameRange     '2.31.0',
35 silly addNameRange     '2.32.0',
35 silly addNameRange     '2.33.0',
35 silly addNameRange     '2.34.0',
35 silly addNameRange     '2.35.0',
35 silly addNameRange     '2.36.0',
35 silly addNameRange     '2.37.0',
35 silly addNameRange     '2.38.0',
35 silly addNameRange     '2.39.0',
35 silly addNameRange     '2.40.0',
35 silly addNameRange     '2.41.0',
35 silly addNameRange     '2.42.0',
35 silly addNameRange     '2.43.0',
35 silly addNameRange     '2.44.0',
35 silly addNameRange     '2.45.0',
35 silly addNameRange     '2.46.0',
35 silly addNameRange     '2.47.0',
35 silly addNameRange     '2.48.0',
35 silly addNameRange     '2.49.0',
35 silly addNameRange     '2.50.0',
35 silly addNameRange     '2.51.0',
35 silly addNameRange     '2.52.0',
35 silly addNameRange     '2.53.0',
35 silly addNameRange     '2.54.0',
35 silly addNameRange     '2.55.0',
35 silly addNameRange     '2.56.0',
35 silly addNameRange     '2.57.0',
35 silly addNameRange     '2.58.0',
35 silly addNameRange     '2.59.0',
35 silly addNameRange     '2.60.0' ] ]
36 silly addNamed request@2.60.0
37 verbose addNamed "2.60.0" is a plain semver version for request
38 info git [ 'clone',
38 info git   '--template=/Users/ryanbird/.npm/_git-remotes/_templates',
38 info git   '--mirror',
38 info git   'git://github.com/gschool/jasmine-galvanize-poster.git',
38 info git   '/Users/ryanbird/.npm/_git-remotes/git-github-com-gschool-jasmine-galvanize-poster-git-24ac4bbb' ]
39 silly cache afterAdd request@2.60.0
40 verbose afterAdd /Users/ryanbird/.npm/request/2.60.0/package/package.json not in flight; writing
41 verbose afterAdd /Users/ryanbird/.npm/request/2.60.0/package/package.json written
42 verbose git clone --template=/Users/ryanbird/.npm/_git-remotes/_templates --mirror git://github.com/gschool/jasmine-galvanize-poster.git /Users/ryanbird/.npm/_git-remotes/git-github-com-gschool-jasmine-galvanize-poster-git-24ac4bbb: Cloning into bare repository '/Users/ryanbird/.npm/_git-remotes/git-github-com-gschool-jasmine-galvanize-poster-git-24ac4bbb'...
42 verbose git clone --template=/Users/ryanbird/.npm/_git-remotes/_templates --mirror git://github.com/gschool/jasmine-galvanize-poster.git /Users/ryanbird/.npm/_git-remotes/git-github-com-gschool-jasmine-galvanize-poster-git-24ac4bbb: fatal: remote error:
42 verbose git clone --template=/Users/ryanbird/.npm/_git-remotes/_templates --mirror git://github.com/gschool/jasmine-galvanize-poster.git /Users/ryanbird/.npm/_git-remotes/git-github-com-gschool-jasmine-galvanize-poster-git-24ac4bbb:   Repository not found.
43 silly tryHTTPS attempting to clone git+https://github.com/gschool/jasmine-galvanize-poster.git
44 silly tryClone cloning gschool/jasmine-galvanize-poster via git+https://github.com/gschool/jasmine-galvanize-poster.git
45 verbose tryClone https-github-com-gschool-jasmine-galvanize-poster-git-0d91f36e not in flight; caching
46 info git [ 'clone',
46 info git   '--template=/Users/ryanbird/.npm/_git-remotes/_templates',
46 info git   '--mirror',
46 info git   'https://github.com/gschool/jasmine-galvanize-poster.git',
46 info git   '/Users/ryanbird/.npm/_git-remotes/https-github-com-gschool-jasmine-galvanize-poster-git-0d91f36e' ]
47 verbose git clone --template=/Users/ryanbird/.npm/_git-remotes/_templates --mirror https://github.com/gschool/jasmine-galvanize-poster.git /Users/ryanbird/.npm/_git-remotes/https-github-com-gschool-jasmine-galvanize-poster-git-0d91f36e: Cloning into bare repository '/Users/ryanbird/.npm/_git-remotes/https-github-com-gschool-jasmine-galvanize-poster-git-0d91f36e'...
47 verbose git clone --template=/Users/ryanbird/.npm/_git-remotes/_templates --mirror https://github.com/gschool/jasmine-galvanize-poster.git /Users/ryanbird/.npm/_git-remotes/https-github-com-gschool-jasmine-galvanize-poster-git-0d91f36e: remote: Invalid username or password.
47 verbose git clone --template=/Users/ryanbird/.npm/_git-remotes/_templates --mirror https://github.com/gschool/jasmine-galvanize-poster.git /Users/ryanbird/.npm/_git-remotes/https-github-com-gschool-jasmine-galvanize-poster-git-0d91f36e: fatal: Authentication failed for 'https://github.com/gschool/jasmine-galvanize-poster.git/'
48 silly trySSH attempting to clone git@github.com:gschool/jasmine-galvanize-poster.git
49 silly tryClone cloning gschool/jasmine-galvanize-poster via git@github.com:gschool/jasmine-galvanize-poster.git
50 verbose tryClone git-github-com-gschool-jasmine-galvanize-poster-git-e81fadfa not in flight; caching
51 info git [ 'config', '--get', 'remote.origin.url' ]
52 silly validateExistingRemote gschool/jasmine-galvanize-poster remote.origin.url: git@github.com:gschool/jasmine-galvanize-poster.git
53 verbose validateExistingRemote gschool/jasmine-galvanize-poster is updating existing cached remote /Users/ryanbird/.npm/_git-remotes/git-github-com-gschool-jasmine-galvanize-poster-git-e81fadfa
54 info git [ 'fetch', '-a', 'origin' ]
55 error git fetch -a origin (git@github.com:gschool/jasmine-galvanize-poster.git) Warning: Permanently added the RSA host key for IP address '192.30.252.129' to the list of known hosts.
55 error git fetch -a origin (git@github.com:gschool/jasmine-galvanize-poster.git) Permission denied (publickey).
55 error git fetch -a origin (git@github.com:gschool/jasmine-galvanize-poster.git) fatal: Could not read from remote repository.
55 error git fetch -a origin (git@github.com:gschool/jasmine-galvanize-poster.git)
55 error git fetch -a origin (git@github.com:gschool/jasmine-galvanize-poster.git) Please make sure you have the correct access rights
55 error git fetch -a origin (git@github.com:gschool/jasmine-galvanize-poster.git) and the repository exists.
56 verbose stack Error: Command failed: git fetch -a origin
56 verbose stack Warning: Permanently added the RSA host key for IP address '192.30.252.129' to the list of known hosts.
56 verbose stack Permission denied (publickey).
56 verbose stack fatal: Could not read from remote repository.
56 verbose stack
56 verbose stack Please make sure you have the correct access rights
56 verbose stack and the repository exists.
56 verbose stack
56 verbose stack     at ChildProcess.exithandler (child_process.js:751:12)
56 verbose stack     at ChildProcess.emit (events.js:110:17)
56 verbose stack     at maybeClose (child_process.js:1015:16)
56 verbose stack     at Socket.<anonymous> (child_process.js:1183:11)
56 verbose stack     at Socket.emit (events.js:107:17)
56 verbose stack     at Pipe.close (net.js:485:12)
57 verbose cwd /Users/ryanbird/workspace/javascript-challenges/00_functions
58 error Darwin 14.4.0
59 error argv "node" "/usr/local/bin/npm" "install"
60 error node v0.12.7
61 error npm  v2.12.1
62 error code 128
63 error Command failed: git fetch -a origin
63 error Warning: Permanently added the RSA host key for IP address '192.30.252.129' to the list of known hosts.
63 error Permission denied (publickey).
63 error fatal: Could not read from remote repository.
63 error
63 error Please make sure you have the correct access rights
63 error and the repository exists.
64 error If you need help, you may report this error at:
64 error     <https://github.com/npm/npm/issues>
65 verbose exit [ 1, true ]
